<?xml version="1.0" encoding="UTF-8"?>
<testsuite xmlns:xsi="http://www.w3.org/2001/XMLSchema-instance" xsi:noNamespaceSchemaLocation="https://maven.apache.org/surefire/maven-surefire-plugin/xsd/surefire-test-report-3.0.xsd" version="3.0" name="com.mycompany.app.AppTest" time="0.047" tests="0" errors="0" skipped="0" failures="0">
  <properties>
    <property name="java.specification.version" value="22"/>
    <property name="sun.jnu.encoding" value="UTF-8"/>
    <property name="java.class.path" value="/Users/justice/CaliforniaSMS/my-javafx-app/target/test-classes:/Users/justice/CaliforniaSMS/my-javafx-app/target/classes:/Users/justice/.m2/repository/org/openjfx/javafx-controls/20/javafx-controls-20.jar:/Users/justice/.m2/repository/org/openjfx/javafx-controls/20/javafx-controls-20-mac.jar:/Users/justice/.m2/repository/org/openjfx/javafx-graphics/20/javafx-graphics-20.jar:/Users/justice/.m2/repository/org/openjfx/javafx-graphics/20/javafx-graphics-20-mac.jar:/Users/justice/.m2/repository/org/openjfx/javafx-base/20/javafx-base-20.jar:/Users/justice/.m2/repository/org/openjfx/javafx-base/20/javafx-base-20-mac.jar:/Users/justice/.m2/repository/org/openjfx/javafx-fxml/20/javafx-fxml-20.jar:/Users/justice/.m2/repository/org/openjfx/javafx-fxml/20/javafx-fxml-20-mac.jar:/Users/justice/.m2/repository/org/xerial/sqlite-jdbc/3.36.0.3/sqlite-jdbc-3.36.0.3.jar:"/>
    <property name="java.vm.vendor" value="Homebrew"/>
    <property name="sun.arch.data.model" value="64"/>
    <property name="java.vendor.url" value="https://github.com/Homebrew/homebrew-core/issues"/>
    <property name="os.name" value="Mac OS X"/>
    <property name="java.vm.specification.version" value="22"/>
    <property name="sun.java.launcher" value="SUN_STANDARD"/>
    <property name="user.country" value="GB"/>
    <property name="sun.boot.library.path" value="/usr/local/Cellar/openjdk/22.0.1/libexec/openjdk.jdk/Contents/Home/lib"/>
    <property name="sun.java.command" value="/Users/justice/CaliforniaSMS/my-javafx-app/target/surefire/surefirebooter-20240714013106908_3.jar /Users/justice/CaliforniaSMS/my-javafx-app/target/surefire 2024-07-14T01-31-06_354-jvmRun1 surefire-20240714013106908_1tmp surefire_0-20240714013106908_2tmp"/>
    <property name="jdk.debug" value="release"/>
    <property name="surefire.test.class.path" value="/Users/justice/CaliforniaSMS/my-javafx-app/target/test-classes:/Users/justice/CaliforniaSMS/my-javafx-app/target/classes:/Users/justice/.m2/repository/org/openjfx/javafx-controls/20/javafx-controls-20.jar:/Users/justice/.m2/repository/org/openjfx/javafx-controls/20/javafx-controls-20-mac.jar:/Users/justice/.m2/repository/org/openjfx/javafx-graphics/20/javafx-graphics-20.jar:/Users/justice/.m2/repository/org/openjfx/javafx-graphics/20/javafx-graphics-20-mac.jar:/Users/justice/.m2/repository/org/openjfx/javafx-base/20/javafx-base-20.jar:/Users/justice/.m2/repository/org/openjfx/javafx-base/20/javafx-base-20-mac.jar:/Users/justice/.m2/repository/org/openjfx/javafx-fxml/20/javafx-fxml-20.jar:/Users/justice/.m2/repository/org/openjfx/javafx-fxml/20/javafx-fxml-20-mac.jar:/Users/justice/.m2/repository/org/xerial/sqlite-jdbc/3.36.0.3/sqlite-jdbc-3.36.0.3.jar:"/>
    <property name="sun.cpu.endian" value="little"/>
    <property name="user.home" value="/Users/justice"/>
    <property name="user.language" value="en"/>
    <property name="java.specification.vendor" value="Oracle Corporation"/>
    <property name="java.version.date" value="2024-04-16"/>
    <property name="java.home" value="/usr/local/Cellar/openjdk/22.0.1/libexec/openjdk.jdk/Contents/Home"/>
    <property name="file.separator" value="/"/>
    <property name="basedir" value="/Users/justice/CaliforniaSMS/my-javafx-app"/>
    <property name="java.vm.compressedOopsMode" value="Zero based"/>
    <property name="line.separator" value="&#10;"/>
    <property name="java.specification.name" value="Java Platform API Specification"/>
    <property name="java.vm.specification.vendor" value="Oracle Corporation"/>
    <property name="apple.awt.application.name" value="ForkedBooter"/>
    <property name="surefire.real.class.path" value="/Users/justice/CaliforniaSMS/my-javafx-app/target/surefire/surefirebooter-20240714013106908_3.jar"/>
    <property name="sun.management.compiler" value="HotSpot 64-Bit Tiered Compilers"/>
    <property name="java.runtime.version" value="22.0.1"/>
    <property name="user.name" value="justice"/>
    <property name="stdout.encoding" value="UTF-8"/>
    <property name="path.separator" value=":"/>
    <property name="os.version" value="14.5"/>
    <property name="java.runtime.name" value="OpenJDK Runtime Environment"/>
    <property name="file.encoding" value="UTF-8"/>
    <property name="java.vm.name" value="OpenJDK 64-Bit Server VM"/>
    <property name="java.vendor.version" value="Homebrew"/>
    <property name="localRepository" value="/Users/justice/.m2/repository"/>
    <property name="java.vendor.url.bug" value="https://github.com/Homebrew/homebrew-core/issues"/>
    <property name="java.io.tmpdir" value="/var/folders/62/flgjtg112jj788dhjwnlxgyh0000gn/T/"/>
    <property name="java.version" value="22.0.1"/>
    <property name="user.dir" value="/Users/justice/CaliforniaSMS/my-javafx-app"/>
    <property name="os.arch" value="x86_64"/>
    <property name="java.vm.specification.name" value="Java Virtual Machine Specification"/>
    <property name="native.encoding" value="UTF-8"/>
    <property name="java.library.path" value="/Users/justice/Library/Java/Extensions:/Library/Java/Extensions:/Network/Library/Java/Extensions:/System/Library/Java/Extensions:/usr/lib/java:."/>
    <property name="java.vm.info" value="mixed mode, sharing"/>
    <property name="stderr.encoding" value="UTF-8"/>
    <property name="java.vendor" value="Homebrew"/>
    <property name="java.vm.version" value="22.0.1"/>
    <property name="sun.io.unicode.encoding" value="UnicodeBig"/>
    <property name="java.class.version" value="66.0"/>
  </properties>
</testsuite>